NOTE: You have to manually do 'conda activate test_d_seg' before starting this script.
NOTE: Reading extra papermill parameters from fish_papermill_xparams.yaml
Fri Dec 23 12:47:08 CET 2022 INFO: Processing of /datd/sl/fish_rawdata/JJEXP20220513_EEL_SL046A_S1 starting. Dashboard port: 25399
Fri Dec 23 12:47:09 CET 2022 INFO: Command is papermill -k test_d_seg notebooks/Template_reprocess_pysmFISH_pipeline.ipynb /datd/sl/fish_rawdata/JJEXP20220513_EEL_SL046A_S1/notebooks/221223-full-run.ipynb -p experiment_fpath /datd/sl/fish_rawdata/JJEXP20220513_EEL_SL046A_S1 -p run_type new -p parsing_type no_parsing -p scheduler_port 36378 --start_timeout 6000 -p dashboard_port 25399 -f fish_papermill_xparams.yaml --log-output --stdout-file /datd/sl/fish_rawdata/JJEXP20220513_EEL_SL046A_S1/logs/221223_papermill.stdout --stderr-file /datd/sl/fish_rawdata/JJEXP20220513_EEL_SL046A_S1/logs/221223_papermill.stderr
/home/simone/mini/envs/test_d_seg/lib/python3.8/site-packages/papermill/iorw.py:50: FutureWarning: pyarrow.HadoopFileSystem is deprecated as of 2.0.0, please use pyarrow.fs.HadoopFileSystem instead.
  from pyarrow import HadoopFileSystem
Input Notebook:  notebooks/Template_reprocess_pysmFISH_pipeline.ipynb
Output Notebook: /datd/sl/fish_rawdata/JJEXP20220513_EEL_SL046A_S1/notebooks/221223-full-run.ipynb
Generating grammar tables from /home/simone/mini/envs/test_d_seg/lib/python3.8/site-packages/blib2to3/Grammar.txt
Writing grammar tables to /home/simone/.cache/black/21.7b0/Grammar3.8.5.final.0.pickle
Writing failed: [Errno 2] No such file or directory: '/home/simone/.cache/black/21.7b0/tmp3ttwmvog'
Generating grammar tables from /home/simone/mini/envs/test_d_seg/lib/python3.8/site-packages/blib2to3/PatternGrammar.txt
Writing grammar tables to /home/simone/.cache/black/21.7b0/PatternGrammar3.8.5.final.0.pickle
Writing failed: [Errno 2] No such file or directory: '/home/simone/.cache/black/21.7b0/tmpqxhbzu9d'
Kernel Provisioning: The 'local-provisioner' is not found.  This is likely due to the presence of multiple jupyter_client distributions and a previous distribution is being used as the source for entrypoints - which does not include 'local-provisioner'.  That distribution should be removed such that only the version-appropriate distribution remains (version >= 7).  Until then, a 'local-provisioner' entrypoint will be automatically constructed and used.
The candidate distribution locations are: ['/home/simone/mini/envs/test_d_seg/lib/python3.8/site-packages/jupyter_client-6.1.11.dist-info', '/home/simone/mini/envs/test_d_seg/lib/python3.8/site-packages/jupyter_client-7.0.5.dist-info']
Executing notebook with kernel: test_d_seg
Executing Cell 1---------------------------------------
Ending Cell 1------------------------------------------
Executing Cell 2---------------------------------------
/home/simone/mini/envs/test_d_seg/lib/python3.8/site-packages/dask_jobqueue/core.py:19: FutureWarning: format_bytes is deprecated and will be removed in a future release. Please use dask.utils.format_bytes instead.
  from distributed.utils import format_bytes, parse_bytes, tmpfile
/home/simone/mini/envs/test_d_seg/lib/python3.8/site-packages/dask_jobqueue/core.py:19: FutureWarning: parse_bytes is deprecated and will be removed in a future release. Please use dask.utils.parse_bytes instead.
  from distributed.utils import format_bytes, parse_bytes, tmpfile
/home/simone/mini/envs/test_d_seg/lib/python3.8/site-packages/dask_jobqueue/htcondor.py:6: FutureWarning: parse_bytes is deprecated and will be removed in a future release. Please use dask.utils.parse_bytes instead.
  from distributed.utils import parse_bytes

version cpu

Ending Cell 2------------------------------------------
Executing Cell 3---------------------------------------
Ending Cell 3------------------------------------------
Executing Cell 4---------------------------------------
Ending Cell 4------------------------------------------
Executing Cell 5---------------------------------------
Ending Cell 5------------------------------------------
Executing Cell 6---------------------------------------
no notes

Ending Cell 6------------------------------------------
Executing Cell 7---------------------------------------
Ending Cell 7------------------------------------------
Executing Cell 8---------------------------------------
CPU times: user 10 µs, sys: 6 µs, total: 16 µs
Wall time: 32.7 µs

Ending Cell 8------------------------------------------
Executing Cell 9---------------------------------------
distributed.worker - INFO - raw_data already exist

distributed.worker - INFO - original_robofish_logs already exist

distributed.worker - INFO - extra_processing_data already exist

distributed.worker - INFO - extra_files already exist

distributed.worker - INFO - pipeline_config already exist

distributed.worker - INFO - output_figures already exist

distributed.worker - INFO - probes already exist

distributed.worker - INFO - logs already exist

distributed.worker - INFO - results already exist

distributed.worker - INFO - microscope_tiles_coords already exist

distributed.worker - INFO - notebooks already exist

